{"uid":"b328a308d147dc3d","name":"GET /collection - Verify that page * pageSize cannot exceed 10,000","fullName":"com.rijksmuseum.api.tests.CollectionTests.getCollectionWithExceededPageSize","historyId":"cc82c234e5c5558c2f8e9f4dff8a65cd","time":{"start":1743522271549,"stop":1743522271816,"duration":267},"status":"failed","statusMessage":"Expected an error response (4xx or 5xx), but received status code: 200","statusTrace":"java.lang.AssertionError: Expected an error response (4xx or 5xx), but received status code: 200\n\tat org.hamcrest.MatcherAssert.assertThat(MatcherAssert.java:26)\n\tat com.rijksmuseum.api.tests.CollectionTests.getCollectionWithExceededPageSize(CollectionTests.java:199)\n\tat java.base/jdk.internal.reflect.DirectMethodHandleAccessor.invoke(DirectMethodHandleAccessor.java:103)\n\tat java.base/java.lang.reflect.Method.invoke(Method.java:580)\n\tat org.testng.internal.invokers.MethodInvocationHelper.invokeMethod(MethodInvocationHelper.java:141)\n\tat org.testng.internal.invokers.TestInvoker.invokeMethod(TestInvoker.java:687)\n\tat org.testng.internal.invokers.TestInvoker.invokeTestMethod(TestInvoker.java:230)\n\tat org.testng.internal.invokers.MethodRunner.runInSequence(MethodRunner.java:63)\n\tat org.testng.internal.invokers.TestInvoker$MethodInvocationAgent.invoke(TestInvoker.java:995)\n\tat org.testng.internal.invokers.TestInvoker.invokeTestMethods(TestInvoker.java:203)\n\tat org.testng.internal.invokers.TestMethodWorker.invokeTestMethods(TestMethodWorker.java:154)\n\tat org.testng.internal.invokers.TestMethodWorker.run(TestMethodWorker.java:134)\n\tat java.base/java.util.ArrayList.forEach(ArrayList.java:1596)\n\tat org.testng.TestRunner.privateRun(TestRunner.java:741)\n\tat org.testng.TestRunner.run(TestRunner.java:616)\n\tat org.testng.SuiteRunner.runTest(SuiteRunner.java:421)\n\tat org.testng.SuiteRunner.runSequentially(SuiteRunner.java:413)\n\tat org.testng.SuiteRunner.privateRun(SuiteRunner.java:373)\n\tat org.testng.SuiteRunner.run(SuiteRunner.java:312)\n\tat org.testng.SuiteRunnerWorker.runSuite(SuiteRunnerWorker.java:52)\n\tat org.testng.SuiteRunnerWorker.run(SuiteRunnerWorker.java:95)\n\tat org.testng.TestNG.runSuitesSequentially(TestNG.java:1274)\n\tat org.testng.TestNG.runSuitesLocally(TestNG.java:1208)\n\tat org.testng.TestNG.runSuites(TestNG.java:1112)\n\tat org.testng.TestNG.run(TestNG.java:1079)\n\tat org.apache.maven.surefire.testng.TestNGExecutor.run(TestNGExecutor.java:155)\n\tat org.apache.maven.surefire.testng.TestNGDirectoryTestSuite.executeMulti(TestNGDirectoryTestSuite.java:169)\n\tat org.apache.maven.surefire.testng.TestNGDirectoryTestSuite.execute(TestNGDirectoryTestSuite.java:88)\n\tat org.apache.maven.surefire.testng.TestNGProvider.invoke(TestNGProvider.java:137)\n\tat org.apache.maven.surefire.booter.ForkedBooter.runSuitesInProcess(ForkedBooter.java:385)\n\tat org.apache.maven.surefire.booter.ForkedBooter.execute(ForkedBooter.java:162)\n\tat org.apache.maven.surefire.booter.ForkedBooter.run(ForkedBooter.java:507)\n\tat org.apache.maven.surefire.booter.ForkedBooter.main(ForkedBooter.java:495)\n","flaky":false,"newFailed":false,"newBroken":false,"newPassed":false,"retriesCount":0,"retriesStatusChange":false,"beforeStages":[{"name":"setup","time":{"start":1743522249207,"stop":1743522251933,"duration":2726},"description":"","status":"passed","steps":[],"attachments":[],"parameters":[],"shouldDisplayMessage":false,"stepsCount":0,"attachmentsCount":0,"hasContent":false},{"name":"init","time":{"start":1743522271547,"stop":1743522271548,"duration":1},"description":"","status":"passed","steps":[],"attachments":[],"parameters":[],"shouldDisplayMessage":false,"stepsCount":0,"attachmentsCount":0,"hasContent":false}],"testStage":{"status":"failed","statusMessage":"Expected an error response (4xx or 5xx), but received status code: 200","statusTrace":"java.lang.AssertionError: Expected an error response (4xx or 5xx), but received status code: 200\n\tat org.hamcrest.MatcherAssert.assertThat(MatcherAssert.java:26)\n\tat com.rijksmuseum.api.tests.CollectionTests.getCollectionWithExceededPageSize(CollectionTests.java:199)\n\tat java.base/jdk.internal.reflect.DirectMethodHandleAccessor.invoke(DirectMethodHandleAccessor.java:103)\n\tat java.base/java.lang.reflect.Method.invoke(Method.java:580)\n\tat org.testng.internal.invokers.MethodInvocationHelper.invokeMethod(MethodInvocationHelper.java:141)\n\tat org.testng.internal.invokers.TestInvoker.invokeMethod(TestInvoker.java:687)\n\tat org.testng.internal.invokers.TestInvoker.invokeTestMethod(TestInvoker.java:230)\n\tat org.testng.internal.invokers.MethodRunner.runInSequence(MethodRunner.java:63)\n\tat org.testng.internal.invokers.TestInvoker$MethodInvocationAgent.invoke(TestInvoker.java:995)\n\tat org.testng.internal.invokers.TestInvoker.invokeTestMethods(TestInvoker.java:203)\n\tat org.testng.internal.invokers.TestMethodWorker.invokeTestMethods(TestMethodWorker.java:154)\n\tat org.testng.internal.invokers.TestMethodWorker.run(TestMethodWorker.java:134)\n\tat java.base/java.util.ArrayList.forEach(ArrayList.java:1596)\n\tat org.testng.TestRunner.privateRun(TestRunner.java:741)\n\tat org.testng.TestRunner.run(TestRunner.java:616)\n\tat org.testng.SuiteRunner.runTest(SuiteRunner.java:421)\n\tat org.testng.SuiteRunner.runSequentially(SuiteRunner.java:413)\n\tat org.testng.SuiteRunner.privateRun(SuiteRunner.java:373)\n\tat org.testng.SuiteRunner.run(SuiteRunner.java:312)\n\tat org.testng.SuiteRunnerWorker.runSuite(SuiteRunnerWorker.java:52)\n\tat org.testng.SuiteRunnerWorker.run(SuiteRunnerWorker.java:95)\n\tat org.testng.TestNG.runSuitesSequentially(TestNG.java:1274)\n\tat org.testng.TestNG.runSuitesLocally(TestNG.java:1208)\n\tat org.testng.TestNG.runSuites(TestNG.java:1112)\n\tat org.testng.TestNG.run(TestNG.java:1079)\n\tat org.apache.maven.surefire.testng.TestNGExecutor.run(TestNGExecutor.java:155)\n\tat org.apache.maven.surefire.testng.TestNGDirectoryTestSuite.executeMulti(TestNGDirectoryTestSuite.java:169)\n\tat org.apache.maven.surefire.testng.TestNGDirectoryTestSuite.execute(TestNGDirectoryTestSuite.java:88)\n\tat org.apache.maven.surefire.testng.TestNGProvider.invoke(TestNGProvider.java:137)\n\tat org.apache.maven.surefire.booter.ForkedBooter.runSuitesInProcess(ForkedBooter.java:385)\n\tat org.apache.maven.surefire.booter.ForkedBooter.execute(ForkedBooter.java:162)\n\tat org.apache.maven.surefire.booter.ForkedBooter.run(ForkedBooter.java:507)\n\tat org.apache.maven.surefire.booter.ForkedBooter.main(ForkedBooter.java:495)\n","steps":[],"attachments":[{"uid":"80b92359d6f628da","name":"Request","source":"80b92359d6f628da.html","type":"text/html","size":486},{"uid":"f47f7eecdafa4d34","name":"HTTP/1.1 200 OK","source":"f47f7eecdafa4d34.html","type":"text/html","size":960}],"parameters":[],"shouldDisplayMessage":true,"stepsCount":0,"attachmentsCount":2,"hasContent":true},"afterStages":[],"labels":[{"name":"package","value":"com.rijksmuseum.api.tests.CollectionTests"},{"name":"testClass","value":"com.rijksmuseum.api.tests.CollectionTests"},{"name":"testMethod","value":"getCollectionWithExceededPageSize"},{"name":"parentSuite","value":"Surefire suite"},{"name":"suite","value":"Surefire test"},{"name":"subSuite","value":"com.rijksmuseum.api.tests.CollectionTests"},{"name":"host","value":"fv-az1695-128"},{"name":"thread","value":"2413@fv-az1695-128.main(1)"},{"name":"framework","value":"testng"},{"name":"language","value":"java"},{"name":"story","value":"RM-1 RM API: GetCollections"},{"name":"resultFormat","value":"allure2"}],"parameters":[],"links":[],"hidden":false,"retry":false,"extra":{"severity":"normal","retries":[],"categories":[{"name":"Product defects","matchedStatuses":[],"flaky":false}],"history":{"statistic":{"failed":8,"broken":0,"skipped":0,"passed":0,"unknown":0,"total":8},"items":[{"uid":"8ee5a73381f66aab","reportUrl":"https://LiudmilaParf.github.io/rijksmuseum-api-tests/12//#testresult/8ee5a73381f66aab","status":"failed","statusDetails":"Expected an error response (4xx or 5xx), but received status code: 200","time":{"start":1742754387629,"stop":1742754387827,"duration":198}},{"uid":"ada0b583a4287e40","reportUrl":"https://LiudmilaParf.github.io/rijksmuseum-api-tests/11//#testresult/ada0b583a4287e40","status":"failed","statusDetails":"Expected an error response (4xx or 5xx), but received status code: 200","time":{"start":1742746244249,"stop":1742746244910,"duration":661}},{"uid":"dbbdbfb07264484c","reportUrl":"https://LiudmilaParf.github.io/rijksmuseum-api-tests/10//#testresult/dbbdbfb07264484c","status":"failed","statusDetails":"Expected an error response (4xx or 5xx), but received status code: 200","time":{"start":1742744588107,"stop":1742744588821,"duration":714}},{"uid":"f9fa9c236f1c94b6","reportUrl":"https://LiudmilaParf.github.io/rijksmuseum-api-tests/1//#testresult/f9fa9c236f1c94b6","status":"failed","statusDetails":"Expected an error response (4xx or 5xx), but received status code: 200","time":{"start":1742741717129,"stop":1742741717665,"duration":536}},{"uid":"805998fd7d907d43","reportUrl":"https://LiudmilaParf.github.io/rijksmuseum-api-tests/9//#testresult/805998fd7d907d43","status":"failed","statusDetails":"Expected an error response (4xx or 5xx), but received status code: 200","time":{"start":1742741633233,"stop":1742741633940,"duration":707}},{"uid":"c091c71176914730","reportUrl":"https://LiudmilaParf.github.io/rijksmuseum-api-tests/8//#testresult/c091c71176914730","status":"failed","statusDetails":"Expected an error response (4xx or 5xx), but received status code: 200","time":{"start":1742738900820,"stop":1742738904556,"duration":3736}},{"uid":"6baf00ddb0801a3","reportUrl":"https://LiudmilaParf.github.io/rijksmuseum-api-tests/7//#testresult/6baf00ddb0801a3","status":"failed","statusDetails":"Expected an error response (4xx or 5xx), but received status code: 200","time":{"start":1742732633300,"stop":1742732634009,"duration":709}}]},"tags":[]},"source":"b328a308d147dc3d.json","parameterValues":[]}